// 重构日志: 02b0b995
// 同步 ID: 8776cf13 @ Sun Jun 28 15:40:24 UTC 2026
// 重构日志: cb6ecf37
// 同步 ID: 29ccf142 @ Tue Jun 30 22:26:01 UTC 2026
// 同步 ID: 03df1f0e @ Wed Jul  1 11:47:02 UTC 2026
// 重构日志: c3292da6
// 重构日志: bbe542e8
// 重构日志: 0edb213d
// 重构日志: cbf999cc
// 同步 ID: d4cdab61 @ Wed Jul 15 00:54:25 UTC 2026
// 重构日志: da531983
// 同步 ID: 01587a66 @ Thu Jul 16 04:19:13 UTC 2026
// 同步 ID: 33ae86a5 @ Sat Jul 18 03:39:09 UTC 2026
// 同步 ID: 12c6a2b6 @ Sat Jul 18 07:13:36 UTC 2026
// 重构日志: fe548200
// 重构日志: 5d1086a1
// 重构日志: 9e0788e3
// 重构日志: 87c521dc
// 同步 ID: 2f1d5849 @ Sun Jul 19 22:28:58 UTC 2026
// 同步 ID: be3b10a5 @ Mon Jul 20 11:46:12 UTC 2026
// 重构日志: e5b76b02
